<?xml version="1.0" encoding="UTF-8"?>
<!-- Generated by org.testng.reporters.JUnitReportReporter -->
<testsuite hostname="LAPTOP-0G3UA0B2" failures="0" tests="1" name="DataDriven.ReadData" time="3.150" errors="0" timestamp="28 Feb 2024 11:29:06 GMT" skipped="0">
  <testcase classname="DataDriven.ReadData" name="fblogin" time="3.150"/>
</testsuite> <!-- DataDriven.ReadData -->
