<?xml version="1.0" encoding="UTF-8"?>
<!-- Generated by org.testng.reporters.JUnitReportReporter -->
<testsuite hostname="LAPTOP-0G3UA0B2" failures="0" tests="1" name="DataDriven.ReadData" time="4.276" errors="0" timestamp="2024-02-29T23:57:13 IST" skipped="0">
  <testcase classname="DataDriven.ReadData" name="fblogin" time="4.276"/>
  <system-out/>
</testsuite> <!-- DataDriven.ReadData -->
